<?xml version="1.0" encoding="UTF-8"?>
<testsuite name="ru.stqa.test.sandbox.PointTests" tests="1" skipped="0" failures="0" errors="0" timestamp="2021-04-21T10:06:22" hostname="DESKTOP-B276SUN" time="0.008">
  <properties/>
  <testcase name="testPoint" classname="ru.stqa.test.sandbox.PointTests" time="0.008"/>
  <system-out><![CDATA[]]></system-out>
  <system-err><![CDATA[]]></system-err>
</testsuite>
