<?xml version="1.0" encoding="UTF-8"?>
<testsuite name="ru.stqa.test.sandbox.SquareTests" tests="1" skipped="0" failures="0" errors="0" timestamp="2021-04-14T10:23:25" hostname="DESKTOP-B276SUN" time="0.007">
  <properties/>
  <testcase name="testArea" classname="ru.stqa.test.sandbox.SquareTests" time="0.007"/>
  <system-out><![CDATA[]]></system-out>
  <system-err><![CDATA[]]></system-err>
</testsuite>
