<?xml version="1.0" encoding="UTF-8"?>
<testsuite name="ru.stqa.test.DZ.DeletionContact" tests="1" skipped="0" failures="0" errors="0" timestamp="2021-04-21T10:00:15" hostname="DESKTOP-B276SUN" time="0.409">
  <properties/>
  <testcase name="testDeletionContact" classname="ru.stqa.test.DZ.DeletionContact" time="0.409"/>
  <system-out><![CDATA[]]></system-out>
  <system-err><![CDATA[SLF4J: Failed to load class "org.slf4j.impl.StaticLoggerBinder".
SLF4J: Defaulting to no-operation (NOP) logger implementation
SLF4J: See http://www.slf4j.org/codes.html#StaticLoggerBinder for further details.
1618999209681	geckodriver	INFO	Listening on 127.0.0.1:24419
1618999210923	mozrunner::runner	INFO	Running command: "C:\\Program Files\\Mozilla Firefox\\firefox.exe" "--marionette" "--remote-debugging-port" "0" "-foreground" "-no-remote" "-profile" "C:\\Users\\A4F7~1\\AppData\\Local\\Temp\\rust_mozprofilezLrU6p"
1618999211494	Marionette	INFO	Marionette enabled
console.warn: SearchSettings: "get: No settings file exists, new profile?" (new Error("", "(unknown module)"))
DevTools listening on ws://localhost:59653/devtools/browser/4040cdf6-5980-4922-b4a0-f00d3fa9d75b
1618999214582	Marionette	INFO	Listening on port 59635
1618999214610	Marionette	WARN	TLS certificate errors will be ignored for this session
апр. 21, 2021 1:00:14 PM org.openqa.selenium.remote.ProtocolHandshake createSession
INFO: Detected dialect: W3C
1618999216118	Marionette	INFO	Stopped listening on port 59635
console.error: services.settings: 
  main/whats-new-panel Signature failed  TypeError: NetworkError when attempting to fetch resource.
!!! error running onStopped callback: TypeError: callback is not a function

###!!! [Child][RunMessage] Error: Channel closing: too late to send/recv, messages will be lost

1618999216776	RemoteAgent	ERROR	unable to stop listener: [Exception... "Component returned failure code: 0x8000ffff (NS_ERROR_UNEXPECTED) [nsIWindowMediator.getEnumerator]"  nsresult: "0x8000ffff (NS_ERROR_UNEXPECTED)"  location: "JS frame :: chrome://remote/content/cdp/observers/TargetObserver.jsm :: stop :: line 64"  data: no] Stack trace: stop()@TargetObserver.jsm:64
unwatchForTabs()@TargetList.jsm:70
unwatchForTargets()@TargetList.jsm:37
destructor()@TargetList.jsm:109
close()@RemoteAgent.jsm:136
]]></system-err>
</testsuite>
