<?xml version="1.0" encoding="UTF-8"?>
<testsuite name="ru.stqa.test.addressbook.GroupCreationTests" tests="1" skipped="0" failures="0" errors="0" timestamp="2021-04-16T06:32:21" hostname="DESKTOP-B276SUN" time="1.893">
  <properties/>
  <testcase name="testGroupCreation" classname="ru.stqa.test.addressbook.GroupCreationTests" time="1.893"/>
  <system-out><![CDATA[]]></system-out>
  <system-err><![CDATA[SLF4J: Failed to load class "org.slf4j.impl.StaticLoggerBinder".
SLF4J: Defaulting to no-operation (NOP) logger implementation
SLF4J: See http://www.slf4j.org/codes.html#StaticLoggerBinder for further details.
1618554732959	geckodriver	INFO	Listening on 127.0.0.1:15629
1618554735374	mozrunner::runner	INFO	Running command: "C:\\Program Files\\Mozilla Firefox\\firefox.exe" "--marionette" "--remote-debugging-port" "0" "-foreground" "-no-remote" "-profile" "C:\\Users\\A4F7~1\\AppData\\Local\\Temp\\rust_mozprofileb4wZK1"
console.warn: SearchSettings: "get: No settings file exists, new profile?" (new Error("", "(unknown module)"))
DevTools listening on ws://localhost:50306/devtools/browser/5e32515b-5e49-4954-9bca-980d325c5446
1618554738860	Marionette	INFO	Listening on port 50288
1618554739101	Marionette	WARN	TLS certificate errors will be ignored for this session
апр. 16, 2021 9:32:19 AM org.openqa.selenium.remote.ProtocolHandshake createSession
INFO: Detected dialect: W3C
1618554742954	Marionette	INFO	Stopped listening on port 50288
!!! error running onStopped callback: TypeError: callback is not a function
1618554743656	RemoteAgent	ERROR	unable to stop listener: [Exception... "Component returned failure code: 0x8000ffff (NS_ERROR_UNEXPECTED) [nsIWindowMediator.getEnumerator]"  nsresult: "0x8000ffff (NS_ERROR_UNEXPECTED)"  location: "JS frame :: chrome://remote/content/cdp/observers/TargetObserver.jsm :: stop :: line 61"  data: no] Stack trace: stop()@TargetObserver.jsm:61
unwatchForTabs()@TargetList.jsm:71
unwatchForTargets()@TargetList.jsm:38
destructor()@TargetList.jsm:110
close()@RemoteAgent.jsm:124
]]></system-err>
</testsuite>
