<?xml version="1.0" encoding="UTF-8"?>
<testsuite name="ru.stqa.test.DZ.AddContact" tests="1" skipped="0" failures="0" errors="0" timestamp="2021-04-21T10:37:48" hostname="DESKTOP-B276SUN" time="2.249">
  <properties/>
  <testcase name="testAddContact" classname="ru.stqa.test.DZ.AddContact" time="2.249"/>
  <system-out><![CDATA[]]></system-out>
  <system-err><![CDATA[SLF4J: Failed to load class "org.slf4j.impl.StaticLoggerBinder".
SLF4J: Defaulting to no-operation (NOP) logger implementation
SLF4J: See http://www.slf4j.org/codes.html#StaticLoggerBinder for further details.
1619001461746	geckodriver	INFO	Listening on 127.0.0.1:6922
1619001463025	mozrunner::runner	INFO	Running command: "C:\\Program Files\\Mozilla Firefox\\firefox.exe" "--marionette" "--remote-debugging-port" "0" "-foreground" "-no-remote" "-profile" "C:\\Users\\A4F7~1\\AppData\\Local\\Temp\\rust_mozprofileARifF9"
1619001463514	Marionette	INFO	Marionette enabled
console.warn: SearchSettings: "get: No settings file exists, new profile?" (new Error("", "(unknown module)"))
DevTools listening on ws://localhost:52667/devtools/browser/78b7553a-f494-47a6-8cc6-777008abfecf
1619001466922	Marionette	INFO	Listening on port 52650
1619001467269	Marionette	WARN	TLS certificate errors will be ignored for this session
апр. 21, 2021 1:37:47 PM org.openqa.selenium.remote.ProtocolHandshake createSession
INFO: Detected dialect: W3C
1619001470527	Marionette	INFO	Stopped listening on port 52650
!!! error running onStopped callback: TypeError: callback is not a function
1619001471768	RemoteAgent	ERROR	unable to stop listener: [Exception... "Component returned failure code: 0x8000ffff (NS_ERROR_UNEXPECTED) [nsIWindowMediator.getEnumerator]"  nsresult: "0x8000ffff (NS_ERROR_UNEXPECTED)"  location: "JS frame :: chrome://remote/content/cdp/observers/TargetObserver.jsm :: stop :: line 64"  data: no] Stack trace: stop()@TargetObserver.jsm:64
unwatchForTabs()@TargetList.jsm:70
unwatchForTargets()@TargetList.jsm:37
destructor()@TargetList.jsm:109
close()@RemoteAgent.jsm:136
]]></system-err>
</testsuite>
